# JRE version: Java(TM) SE Runtime Environment (8.0_181-b13) (build 1.8.0_181-b13)
# Java VM: Java HotSpot(TM) 64-Bit Server VM (25.181-b13 mixed mode windows-amd64 compressed oops)
Heap:
 PSYoungGen      total 1276928K, used 481911K [0x000000076ae00000, 0x00000007c0000000, 0x00000007c0000000)
  eden space 1178624K, 38% used [0x000000076ae00000,0x00000007867979f0,0x00000007b2d00000)
  from space 98304K, 30% used [0x00000007b9f80000,0x00000007bbc864e8,0x00000007bff80000)
  to   space 108032K, 0% used [0x00000007b2d00000,0x00000007b2d00000,0x00000007b9680000)
 ParOldGen       total 175104K, used 75258K [0x00000006c0a00000, 0x00000006cb500000, 0x000000076ae00000)
  object space 175104K, 42% used [0x00000006c0a00000,0x00000006c537eaa8,0x00000006cb500000)
 Metaspace       used 19963K, capacity 20204K, committed 20480K, reserved 1067008K
  class space    used 2357K, capacity 2460K, committed 2560K, reserved 1048576K
GC Heap History (10 events):
Event: 150.261 GC heap before
{Heap before GC invocations=72 (full 0):
 PSYoungGen      total 1292800K, used 1283776K [0x000000076ae00000, 0x00000007c0000000, 0x00000007c0000000)
  eden space 1192448K, 100% used [0x000000076ae00000,0x00000007b3a80000,0x00000007b3a80000)
  from space 100352K, 91% used [0x00000007b3a80000,0x00000007b93b0000,0x00000007b9c80000)
  to   space 99840K, 0% used [0x00000007b9e80000,0x00000007b9e80000,0x00000007c0000000)
 ParOldGen       total 175104K, used 75090K [0x00000006c0a00000, 0x00000006cb500000, 0x000000076ae00000)
  object space 175104K, 42% used [0x00000006c0a00000,0x00000006c5354aa8,0x00000006cb500000)
 Metaspace       used 19506K, capacity 19820K, committed 20096K, reserved 1067008K
  class space    used 2325K, capacity 2424K, committed 2432K, reserved 1048576K
Event: 150.407 GC heap after
Heap after GC invocations=72 (full 0):
 PSYoungGen      total 1293824K, used 91136K [0x000000076ae00000, 0x00000007bff80000, 0x00000007c0000000)
  eden space 1194496K, 0% used [0x000000076ae00000,0x000000076ae00000,0x00000007b3c80000)
  from space 99328K, 91% used [0x00000007b9e80000,0x00000007bf780000,0x00000007bff80000)
  to   space 99840K, 0% used [0x00000007b3c80000,0x00000007b3c80000,0x00000007b9e00000)
 ParOldGen       total 175104K, used 75122K [0x00000006c0a00000, 0x00000006cb500000, 0x000000076ae00000)
  object space 175104K, 42% used [0x00000006c0a00000,0x00000006c535caa8,0x00000006cb500000)
 Metaspace       used 19506K, capacity 19820K, committed 20096K, reserved 1067008K
  class space    used 2325K, capacity 2424K, committed 2432K, reserved 1048576K
}
Event: 152.840 GC heap before
{Heap before GC invocations=73 (full 0):
 PSYoungGen      total 1293824K, used 1285632K [0x000000076ae00000, 0x00000007bff80000, 0x00000007c0000000)
  eden space 1194496K, 100% used [0x000000076ae00000,0x00000007b3c80000,0x00000007b3c80000)
  from space 99328K, 91% used [0x00000007b9e80000,0x00000007bf780000,0x00000007bff80000)
  to   space 99840K, 0% used [0x00000007b3c80000,0x00000007b3c80000,0x00000007b9e00000)
 ParOldGen       total 175104K, used 75122K [0x00000006c0a00000, 0x00000006cb500000, 0x000000076ae00000)
  object space 175104K, 42% used [0x00000006c0a00000,0x00000006c535caa8,0x00000006cb500000)
 Metaspace       used 19506K, capacity 19820K, committed 20096K, reserved 1067008K
  class space    used 2325K, capacity 2424K, committed 2432K, reserved 1048576K
Event: 152.983 GC heap after
Heap after GC invocations=73 (full 0):
 PSYoungGen      total 1294336K, used 91296K [0x000000076ae00000, 0x00000007bff80000, 0x00000007c0000000)
  eden space 1194496K, 0% used [0x000000076ae00000,0x000000076ae00000,0x00000007b3c80000)
  from space 99840K, 91% used [0x00000007b3c80000,0x00000007b95a8000,0x00000007b9e00000)
  to   space 99328K, 0% used [0x00000007b9e80000,0x00000007b9e80000,0x00000007bff80000)
 ParOldGen       total 175104K, used 75162K [0x00000006c0a00000, 0x00000006cb500000, 0x000000076ae00000)
  object space 175104K, 42% used [0x00000006c0a00000,0x00000006c5366aa8,0x00000006cb500000)
 Metaspace       used 19506K, capacity 19820K, committed 20096K, reserved 1067008K
  class space    used 2325K, capacity 2424K, committed 2432K, reserved 1048576K
}
Event: 155.375 GC heap before
{Heap before GC invocations=74 (full 0):
 PSYoungGen      total 1294336K, used 1285792K [0x000000076ae00000, 0x00000007bff80000, 0x00000007c0000000)
  eden space 1194496K, 100% used [0x000000076ae00000,0x00000007b3c80000,0x00000007b3c80000)
  from space 99840K, 91% used [0x00000007b3c80000,0x00000007b95a8000,0x00000007b9e00000)
  to   space 99328K, 0% used [0x00000007b9e80000,0x00000007b9e80000,0x00000007bff80000)
 ParOldGen       total 175104K, used 75162K [0x00000006c0a00000, 0x00000006cb500000, 0x000000076ae00000)
  object space 175104K, 42% used [0x00000006c0a00000,0x00000006c5366aa8,0x00000006cb500000)
 Metaspace       used 19506K, capacity 19820K, committed 20096K, reserved 1067008K
  class space    used 2325K, capacity 2424K, committed 2432K, reserved 1048576K
Event: 155.522 GC heap after
Heap after GC invocations=74 (full 0):
 PSYoungGen      total 1293824K, used 91328K [0x000000076ae00000, 0x00000007bfe80000, 0x00000007c0000000)
  eden space 1195520K, 0% used [0x000000076ae00000,0x000000076ae00000,0x00000007b3d80000)
  from space 98304K, 92% used [0x00000007b9e80000,0x00000007bf7b0000,0x00000007bfe80000)
  to   space 98816K, 0% used [0x00000007b3d80000,0x00000007b3d80000,0x00000007b9e00000)
 ParOldGen       total 175104K, used 75194K [0x00000006c0a00000, 0x00000006cb500000, 0x000000076ae00000)
  object space 175104K, 42% used [0x00000006c0a00000,0x00000006c536eaa8,0x00000006cb500000)
 Metaspace       used 19506K, capacity 19820K, committed 20096K, reserved 1067008K
  class space    used 2325K, capacity 2424K, committed 2432K, reserved 1048576K
}
Event: 158.117 GC heap before
{Heap before GC invocations=75 (full 0):
 PSYoungGen      total 1293824K, used 1286848K [0x000000076ae00000, 0x00000007bfe80000, 0x00000007c0000000)
  eden space 1195520K, 100% used [0x000000076ae00000,0x00000007b3d80000,0x00000007b3d80000)
  from space 98304K, 92% used [0x00000007b9e80000,0x00000007bf7b0000,0x00000007bfe80000)
  to   space 98816K, 0% used [0x00000007b3d80000,0x00000007b3d80000,0x00000007b9e00000)
 ParOldGen       total 175104K, used 75194K [0x00000006c0a00000, 0x00000006cb500000, 0x000000076ae00000)
  object space 175104K, 42% used [0x00000006c0a00000,0x00000006c536eaa8,0x00000006cb500000)
 Metaspace       used 19506K, capacity 19820K, committed 20096K, reserved 1067008K
  class space    used 2325K, capacity 2424K, committed 2432K, reserved 1048576K
Event: 158.268 GC heap after
Heap after GC invocations=75 (full 0):
 PSYoungGen      total 1294336K, used 91232K [0x000000076ae00000, 0x00000007bff80000, 0x00000007c0000000)
  eden space 1195520K, 0% used [0x000000076ae00000,0x000000076ae00000,0x00000007b3d80000)
  from space 98816K, 92% used [0x00000007b3d80000,0x00000007b9698000,0x00000007b9e00000)
  to   space 98304K, 0% used [0x00000007b9f80000,0x00000007b9f80000,0x00000007bff80000)
 ParOldGen       total 175104K, used 75226K [0x00000006c0a00000, 0x00000006cb500000, 0x000000076ae00000)
  object space 175104K, 42% used [0x00000006c0a00000,0x00000006c5376aa8,0x00000006cb500000)
 Metaspace       used 19506K, capacity 19820K, committed 20096K, reserved 1067008K
  class space    used 2325K, capacity 2424K, committed 2432K, reserved 1048576K
}
Event: 164.904 GC heap before
{Heap before GC invocations=76 (full 0):
 PSYoungGen      total 1294336K, used 1286752K [0x000000076ae00000, 0x00000007bff80000, 0x00000007c0000000)
  eden space 1195520K, 100% used [0x000000076ae00000,0x00000007b3d80000,0x00000007b3d80000)
  from space 98816K, 92% used [0x00000007b3d80000,0x00000007b9698000,0x00000007b9e00000)
  to   space 98304K, 0% used [0x00000007b9f80000,0x00000007b9f80000,0x00000007bff80000)
 ParOldGen       total 175104K, used 75226K [0x00000006c0a00000, 0x00000006cb500000, 0x000000076ae00000)
  object space 175104K, 42% used [0x00000006c0a00000,0x00000006c5376aa8,0x00000006cb500000)
 Metaspace       used 19869K, capacity 20172K, committed 20480K, reserved 1067008K
  class space    used 2353K, capacity 2456K, committed 2560K, reserved 1048576K
Event: 164.955 GC heap after
Heap after GC invocations=76 (full 0):
 PSYoungGen      total 1276928K, used 29721K [0x000000076ae00000, 0x00000007c0000000, 0x00000007c0000000)
  eden space 1178624K, 0% used [0x000000076ae00000,0x000000076ae00000,0x00000007b2d00000)
  from space 98304K, 30% used [0x00000007b9f80000,0x00000007bbc864e8,0x00000007bff80000)
  to   space 108032K, 0% used [0x00000007b2d00000,0x00000007b2d00000,0x00000007b9680000)
 ParOldGen       total 175104K, used 75258K [0x00000006c0a00000, 0x00000006cb500000, 0x000000076ae00000)
  object space 175104K, 42% used [0x00000006c0a00000,0x00000006c537eaa8,0x00000006cb500000)
 Metaspace       used 19869K, capacity 20172K, committed 20480K, reserved 1067008K
  class space    used 2353K, capacity 2456K, committed 2560K, reserved 1048576K
}

